{'CV_flag': False, 'add_vocab_flag': True, 'LLRD_flag': False, 'aug_flag': False, 'aug_special_flag': False, 'model_indicator': 'pretrain', 'aug_indicator': None, 'vocab_sup_file': 'data/vocab/vocab_sup_PE_I.csv', 'train_file': 'data/train_PE_I.csv', 'test_file': 'data/test_PE_I.csv', 'model_path': 'ckpt/pretrain.pt', 'save_path': 'ckpt/PE_I_train.pt', 'best_model_path': 'ckpt/PE_I_best_model.pt', 'k': 5, 'blocksize': 411, 'batch_size': 16, 'num_epochs': 20, 'warmup_ratio': 0.05, 'drop_rate': 0.1, 'lr_rate': 5e-05, 'lr_rate_reg': 0.0001, 'weight_decay': 0.01, 'hidden_dropout_prob': 0.1, 'attention_probs_dropout_prob': 0.1, 'tolerance': 5, 'num_workers': 8}
Use the pretrained model
Train Test Split
epoch: 1/20
train RMSE =  0.7289308624680113
train r^2 =  0.7955619096755981
test RMSE =  1.1061309518048887
test r^2 =  0.16913741827011108
epoch: 2/20
train RMSE =  0.5458365781993011
train r^2 =  0.8853657841682434
test RMSE =  1.066761706513769
test r^2 =  0.22722876071929932
epoch: 3/20
train RMSE =  0.43426682887880624
train r^2 =  0.9274392127990723
test RMSE =  0.8968175449469852
test r^2 =  0.4538344144821167
epoch: 4/20
train RMSE =  0.345634780620025
train r^2 =  0.9540354013442993
test RMSE =  0.9561687476545353
test r^2 =  0.3791521191596985
epoch: 5/20
train RMSE =  0.3181589057691526
train r^2 =  0.9610527753829956
test RMSE =  1.1210505582955839
test r^2 =  0.1465727686882019
epoch: 6/20
train RMSE =  0.2799044743101309
train r^2 =  0.9698554873466492
test RMSE =  0.8487571962984906
test r^2 =  0.5108038187026978
epoch: 7/20
train RMSE =  0.25178363064806897
train r^2 =  0.975608229637146
test RMSE =  0.9195341402520916
test r^2 =  0.42581504583358765
epoch: 8/20
train RMSE =  0.23632151568370147
train r^2 =  0.9785120487213135
test RMSE =  1.072765765685099
test r^2 =  0.21850550174713135
epoch: 9/20
train RMSE =  0.21374079961143658
train r^2 =  0.9824222326278687
test RMSE =  0.8386711234460584
test r^2 =  0.5223612785339355
epoch: 10/20
train RMSE =  0.20671305066544182
train r^2 =  0.9835591316223145
test RMSE =  0.713018733486425
test r^2 =  0.6547624468803406
epoch: 11/20
train RMSE =  0.20650429207336835
train r^2 =  0.9835922718048096
test RMSE =  0.7960688104009822
test r^2 =  0.5696544051170349
epoch: 12/20
train RMSE =  0.1670556978738648
train r^2 =  0.9892622828483582
test RMSE =  0.8174297732390433
test r^2 =  0.5462496280670166
epoch: 13/20
train RMSE =  0.17785414153193332
train r^2 =  0.9878292679786682
test RMSE =  0.8363445850152134
test r^2 =  0.5250076055526733
epoch: 14/20
train RMSE =  0.15293664011763602
train r^2 =  0.9910006523132324
test RMSE =  0.8258993004974118
test r^2 =  0.5367981195449829
epoch: 15/20
train RMSE =  0.14699784944665967
train r^2 =  0.9916859865188599
test RMSE =  0.9379231244919252
test r^2 =  0.4026200771331787
Early stop
